=== Centralized Mutual Exclusion Server ===
Waiting for 2 clients...
Each client will execute 5 critical sections
Client 1 connected from port 49658
Client 2 connected from port 49657

All clients connected. Starting experiment...

[Client2 -> Server] REQUEST
[Server -> Client2] GRANT
[Client1 -> Server] REQUEST
[Client2 -> Server] RELEASE
[Server -> Client1] GRANT
[Client2 -> Server] REQUEST
[Client1 -> Server] RELEASE
[Server -> Client2] GRANT
[Client1 -> Server] REQUEST
[Client2 -> Server] RELEASE
[Server -> Client1] GRANT
[Client2 -> Server] REQUEST
[Client1 -> Server] RELEASE
[Server -> Client2] GRANT
[Client1 -> Server] REQUEST
[Client2 -> Server] RELEASE
[Server -> Client1] GRANT
[Client2 -> Server] REQUEST
[Client1 -> Server] RELEASE
[Server -> Client2] GRANT
[Client1 -> Server] REQUEST
[Client2 -> Server] RELEASE
[Server -> Client1] GRANT
[Client2 -> Server] REQUEST
[Client1 -> Server] RELEASE
[Server -> Client2] GRANT
[Client1 -> Server] REQUEST
[Client2 -> Server] RELEASE
[Server -> Client1] GRANT
[Client1 -> Server] RELEASE

========================================
   CENTRALIZED MUTUAL EXCLUSION RESULTS
========================================
Number of Clients: 2
CS per Client: 5
Total CS Executions: 10
----------------------------------------
Messages Received: 20
Messages Sent: 14
Total Messages: 34
Avg Messages per CS: 3.40
----------------------------------------
Total Time: 782 ms
Avg Latency per CS: 78.20 ms
========================================

CSV_OUTPUT,2,34,3.40,78.20
L SECTION #3 END ===
[Client1] Sent RELEASE after CS #3
[Client1] Sent REQUEST for CS #4
[Client2] Received GRANT, entering CS #4
[Client2] === CRITICAL SECTION #4 START ===
[Client2] === CRITICAL SECTION #4 END ===
[Client2] Sent RELEASE after CS #4
[Client2] Sent REQUEST for CS #5
[Client1] Received GRANT, entering CS #4
[Client1] === CRITICAL SECTION #4 START ===
[Client1] === CRITICAL SECTION #4 END ===
[Client1] Sent RELEASE after CS #4
[Client1] Sent REQUEST for CS #5
[Client2] Received GRANT, entering CS #5
[Client2] === CRITICAL SECTION #5 START ===
[Client2] === CRITICAL SECTION #5 END ===
[Client2] Sent RELEASE after CS #5
[Client1] Received GRANT, entering CS #5
[Client1] === CRITICAL SECTION #5 START ===

--- Client 2 Statistics ---
Messages Sent: 10
Messages Received: 7
Total Messages: 17
[Client1] === CRITICAL SECTION #5 END ===
[Client1] Sent RELEASE after CS #5

--- Client 1 Statistics ---
Messages Sent: 10
Messages Received: 7
Total Messages: 17
